<?xml version="1.0" encoding="UTF-8"?>
<testng-results ignored="0" total="1" passed="1" failed="0" skipped="0">
  <reporter-output>
  </reporter-output>
  <suite started-at="2018-08-20T11:34:53Z" name="Suite" finished-at="2018-08-20T11:35:00Z" duration-ms="7143">
    <groups>
    </groups>
    <test started-at="2018-08-20T11:34:53Z" name="Test" finished-at="2018-08-20T11:35:00Z" duration-ms="7143">
      <class name="com.lambdatest.TestNGTodo">
        <test-method is-config="true" signature="setup()[pri:0, instance:com.lambdatest.TestNGTodo@2c35e847]" started-at="2018-08-20T11:34:45Z" name="setup" finished-at="2018-08-20T11:34:53Z" duration-ms="7648" status="PASS">
          <reporter-output>
          </reporter-output>
        </test-method> <!-- setup -->
        <test-method signature="basicTest()[pri:0, instance:com.lambdatest.TestNGTodo@2c35e847]" started-at="2018-08-20T11:34:53Z" name="basicTest" finished-at="2018-08-20T11:35:00Z" duration-ms="7125" status="PASS">
          <reporter-output>
          </reporter-output>
        </test-method> <!-- basicTest -->
        <test-method is-config="true" signature="tearDown()[pri:0, instance:com.lambdatest.TestNGTodo@2c35e847]" started-at="2018-08-20T11:35:00Z" name="tearDown" finished-at="2018-08-20T11:35:00Z" duration-ms="419" status="PASS">
          <reporter-output>
          </reporter-output>
        </test-method> <!-- tearDown -->
      </class> <!-- com.lambdatest.TestNGTodo -->
    </test> <!-- Test -->
  </suite> <!-- Suite -->
</testng-results>
